#
# A fatal error has been detected by the Java Runtime Environment:
#
#  EXCEPTION_ACCESS_VIOLATION (0xc0000005) at pc=0x00007ffe45e5d65a, pid=20720, tid=20152
#
# JRE version: Java(TM) SE Runtime Environment (17.0.2+8) (build 17.0.2+8-LTS-86)
# Java VM: Java HotSpot(TM) 64-Bit Server VM (17.0.2+8-LTS-86, mixed mode, sharing, tiered, compressed oops, compressed class ptrs, g1 gc, windows-amd64)
# Problematic frame:
# V  [jvm.dll+0x73d65a]
#
# No core dump will be written. Minidumps are not enabled by default on client versions of Windows
#
# If you would like to submit a bug report, please visit:
#   https://bugreport.java.com/bugreport/crash.jsp
#

---------------  S U M M A R Y ------------

Command Line: -XX:+ShowCodeDetailsInExceptionMessages -agentlib:jdwp=transport=dt_socket,suspend=y,address=localhost:19274 -javaagent:C:\Users\jorge.muñoz\eclipse\java-2022-06\eclipse\configuration\org.eclipse.osgi\215\0\.cp\lib\javaagent-shaded.jar -Dfile.encoding=UTF-8 com.mng.robotest.access.CmdRunTests -suite MenusPais -driver chrome -channel desktop -application shop -url https://shop.mango.com/preHome.faces -version V1 -countrys 001 -lineas home

Host: Intel(R) Core(TM) i7-8550U CPU @ 1.80GHz, 8 cores, 15G,  Windows 10 , 64 bit Build 19041 (10.0.19041.1466)
Time: Tue Jul 12 14:51:19 2022 Hora de verano romance elapsed time: 116.456311 seconds (0d 0h 1m 56s)

---------------  T H R E A D  ---------------

Current thread (0x00000224bfe82030):  JavaThread "JDWP Transport Listener: dt_socket" daemon [_thread_in_vm, id=20152, stack(0x000000c6dc400000,0x000000c6dc500000)]

Stack: [0x000000c6dc400000,0x000000c6dc500000],  sp=0x000000c6dc4ff350,  free space=1020k
Native frames: (J=compiled Java code, j=interpreted, Vv=VM code, C=native code)
V  [jvm.dll+0x73d65a]
V  [jvm.dll+0x504e0c]
V  [jvm.dll+0x4d0634]
C  [jdwp.dll+0x22e9f]


siginfo: EXCEPTION_ACCESS_VIOLATION (0xc0000005), reading address 0x00000000008a008d


Register to memory mapping:

RIP=0x00007ffe45e5d65a jvm.dll
RAX=0x0000000000000088 is an unknown value
RBX=0x00000224bf32b658 points into unknown readable memory: 0x656c66003b6e6f00 | 00 6f 6e 3b 00 66 6c 65
RCX=0x00000000008a0089 is an unknown value
RDX=0x00000224c15ba240 points into unknown readable memory: 0x676e6d2f6d6f634c | 4c 63 6f 6d 2f 6d 6e 67
RSP=0x000000c6dc4ff350 is pointing into the stack for thread: 0x00000224bfe82030
RBP=0x00000224bfeb6820 points into unknown readable memory: 0x0043005000000002 | 02 00 00 00 50 00 43 00
RSI=0x0 is NULL
RDI=0xffffffffffffffff is an unknown value
R8 =0x000000000000003e is an unknown value
R9 =0x0000000000000040 is an unknown value
R10=0x0 is NULL
R11=0x000000c6dc4ff370 is pointing into the stack for thread: 0x00000224bfe82030
R12=0x000000c6dc4ff4a8 is pointing into the stack for thread: 0x00000224bfe82030
R13=0x0 is NULL
R14=0x000000080111a628 is a pointer to class: 
com.mng.robotest.test.utils.checkmenus.DataScreenMenu {0x000000080111a630}
 - instance size:     3
 - klass size:        80
 - access:            public synchronized 
 - state:             fully_initialized
 - name:              'com/mng/robotest/test/utils/checkmenus/DataScreenMenu'
 - super:             'java/lang/Object'
 - sub:               
 - arrays:            NULL
 - methods:           Array<T>(0x00000224ccc93638)
 - method ordering:   Array<T>(0x00000224ccc943a0)
 - default_methods:   Array<T>(0x0000000000000000)
 - local interfaces:  Array<T>(0x00000224ccc8c0b0)
 - trans. interfaces: Array<T>(0x00000224ccc8c0b0)
 - constants:         constant pool [152] {0x00000224ccc94f18} for 'com/mng/robotest/test/utils/checkmenus/DataScreenMenu' cache=0x00000224ccc95468
 - class loader data:  loader data: 0x00000224bf302eb0 for instance a 'jdk/internal/loader/ClassLoaders$AppClassLoader'{0x0000000701dedad0}
 - source file:       'DataScreenMenu.java'
 - source debug extension:       SMAP
DataScreenMenu.java
Java
*S jdt
*F
1 DataScreenMenu.java
2 file:/C:/Users/jorge.mu%c3%b1oz/git/robotest/target/classes/
*L
*E

 - class annotations:       Array<T>(0x0000000000000000)
 - class type annotations:  Array<T>(0x0000000000000000)
 - field annotations:       Array<T>(0x0000000000000000)
 - field type annotations:  Array<T>(0x0000000000000000)
 - generic signature: '
[error occurred during error reporting (printing register info), id 0xc0000005, EXCEPTION_ACCESS_VIOLATION (0xc0000005) at pc=0x00007ffe45e5e266]

Registers:
RAX=0x0000000000000088, RBX=0x00000224bf32b658, RCX=0x00000000008a0089, RDX=0x00000224c15ba240
RSP=0x000000c6dc4ff350, RBP=0x00000224bfeb6820, RSI=0x0000000000000000, RDI=0xffffffffffffffff
R8 =0x000000000000003e, R9 =0x0000000000000040, R10=0x0000000000000000, R11=0x000000c6dc4ff370
R12=0x000000c6dc4ff4a8, R13=0x0000000000000000, R14=0x000000080111a628, R15=0x000000c6dc4ff4f8
RIP=0x00007ffe45e5d65a, EFLAGS=0x0000000000010206

Top of Stack: (sp=0x000000c6dc4ff350)
0x000000c6dc4ff350:   0000000000000035 000000080111a628
0x000000c6dc4ff360:   00000224bfe82030 0000000000000000
0x000000c6dc4ff370:   ffffffffffffffff 00007ffe45c24e0c
0x000000c6dc4ff380:   00000224bf32b658 00000224bf32b620
0x000000c6dc4ff390:   00000224bfeb6820 00000224c1946410
0x000000c6dc4ff3a0:   00000224bf32b5d0 00000000000003d8
0x000000c6dc4ff3b0:   00000224bf32b5e0 00000224bf32b9b8
0x000000c6dc4ff3c0:   0000000000000002 000000c6dc4ff4a8
0x000000c6dc4ff3d0:   0000000000000000 0000000000000000
0x000000c6dc4ff3e0:   000000070cf445d8 00007ffe45bf0634
0x000000c6dc4ff3f0:   00000224bfe82030 000000c6dc4ff4f8
0x000000c6dc4ff400:   000002249c5f0390 000000c6dc4ff4f8
0x000000c6dc4ff410:   00000224bfe82030 0000000000000000
0x000000c6dc4ff420:   0000022400000000 0000000000000000
0x000000c6dc4ff430:   000000000000000d 00007ffea1a72e9f
0x000000c6dc4ff440:   000000c6dc4ff4f0 00007ffea1a81830 

Instructions: (pc=0x00007ffe45e5d65a)
0x00007ffe45e5d55a:   48 83 c4 20 5f e9 8c 75 96 ff cc cc cc cc cc cc
0x00007ffe45e5d56a:   cc cc cc cc cc cc 48 89 5c 24 08 57 48 83 ec 20
0x00007ffe45e5d57a:   83 fa 02 8d 42 06 b9 08 00 00 00 49 8b d8 0f 4e
0x00007ffe45e5d58a:   c1 48 63 c8 48 83 c1 07 83 e1 f8 48 63 f9 49 8b
0x00007ffe45e5d59a:   48 18 48 8b c7 48 f7 d0 48 3b c1 73 16 4c 8d 05
0x00007ffe45e5d5aa:   9a 52 17 00 48 8b d7 48 8b cb e8 97 d8 96 ff 48
0x00007ffe45e5d5ba:   8b 4b 18 48 8d 04 39 48 3b 43 20 76 18 45 33 c0
0x00007ffe45e5d5ca:   48 8b d7 48 8b cb 48 8b 5c 24 30 48 83 c4 20 5f
0x00007ffe45e5d5da:   e9 f1 d4 96 ff 48 89 43 18 48 8b c1 48 8b 5c 24
0x00007ffe45e5d5ea:   30 48 83 c4 20 5f c3 cc cc cc cc cc cc cc cc cc
0x00007ffe45e5d5fa:   cc cc cc cc cc cc 4c 8b d2 4c 8b d9 45 85 c0 7e
0x00007ffe45e5d60a:   3c 44 0f b7 49 04 41 8d 40 ff 41 3b c1 44 0f 4c
0x00007ffe45e5d61a:   c8 4d 63 c1 45 85 c9 7e 1f 48 8b c2 4c 2b da 49
0x00007ffe45e5d62a:   8b d0 0f 1f 40 00 41 0f b6 4c 03 06 88 08 48 8d
0x00007ffe45e5d63a:   40 01 48 83 ea 01 75 ee 43 c6 04 10 00 49 8b c2
0x00007ffe45e5d64a:   c3 cc cc cc cc cc 48 89 5c 24 08 57 48 83 ec 20
0x00007ffe45e5d65a:   0f b7 59 04 48 8b f9 33 d2 48 8d 4b 01 e8 44 96
0x00007ffe45e5d66a:   f8 ff 0f b7 57 04 4c 8b c0 3b da 0f 42 d3 44 8b
0x00007ffe45e5d67a:   ca 85 d2 74 39 48 2b f8 0f 1f 40 00 66 66 0f 1f
0x00007ffe45e5d68a:   84 00 00 00 00 00 0f b6 4c 07 06 88 08 48 ff c0
0x00007ffe45e5d69a:   48 8b c8 49 2b c8 49 3b c9 7c eb 42 c6 04 02 00
0x00007ffe45e5d6aa:   49 8b c0 48 8b 5c 24 30 48 83 c4 20 5f c3 48 8b
0x00007ffe45e5d6ba:   5c 24 30 c6 04 02 00 48 83 c4 20 5f c3 cc cc cc
0x00007ffe45e5d6ca:   cc cc cc cc cc cc 4c 8b d1 45 85 c0 7e 6c 44 0f
0x00007ffe45e5d6da:   b7 49 04 41 8d 40 ff 41 3b c1 44 0f 4c c8 4d 63
0x00007ffe45e5d6ea:   d9 45 85 c9 7e 22 48 8b ca 4c 2b d2 4d 8b c3 0f
0x00007ffe45e5d6fa:   1f 80 00 00 00 00 41 0f b6 44 0a 06 88 01 48 8d
0x00007ffe45e5d70a:   49 01 49 83 e8 01 75 ee 41 c6 04 13 00 48 c7 c0
0x00007ffe45e5d71a:   ff ff ff ff 66 90 48 ff c0 80 3c 02 00 75 f7 48
0x00007ffe45e5d72a:   63 c8 85 c0 48 8b c2 7e 14 80 38 2f 75 03 c6 00
0x00007ffe45e5d73a:   2e 48 ff c0 48 83 e9 01 75 ef 48 8b c2 c3 cc cc
0x00007ffe45e5d74a:   cc cc cc cc cc cc 48 83 ec 28 e8 f7 fe ff ff 4c 


Stack slot to memory mapping:
stack at sp + 0 slots: 0x0000000000000035 is an unknown value
stack at sp + 1 slots: 0x000000080111a628 is a pointer to class: 
com.mng.robotest.test.utils.checkmenus.DataScreenMenu {0x000000080111a630}
 - instance size:     3
 - klass size:        80
 - access:            public synchronized 
 - state:             fully_initialized
 - name:              'com/mng/robotest/test/utils/checkmenus/DataScreenMenu'
 - super:             'java/lang/Object'
 - sub:               
 - arrays:            NULL
 - methods:           Array<T>(0x00000224ccc93638)
 - method ordering:   Array<T>(0x00000224ccc943a0)
 - default_methods:   Array<T>(0x0000000000000000)
 - local interfaces:  Array<T>(0x00000224ccc8c0b0)
 - trans. interfaces: Array<T>(0x00000224ccc8c0b0)
 - constants:         constant pool [152] {0x00000224ccc94f18} for 'com/mng/robotest/test/utils/checkmenus/DataScreenMenu' cache=0x00000224ccc95468
 - class loader data:  loader data: 0x00000224bf302eb0 for instance a 'jdk/internal/loader/ClassLoaders$AppClassLoader'{0x0000000701dedad0}
 - source file:       'DataScreenMenu.java'
 - source debug extension:       SMAP
DataScreenMenu.java
Java
*S jdt
*F
1 DataScreenMenu.java
2 file:/C:/Users/jorge.mu%c3%b1oz/git/robotest/target/classes/
*L
*E

 - class annotations:       Array<T>(0x0000000000000000)
 - class type annotations:  Array<T>(0x0000000000000000)
 - field annotations:       Array<T>(0x0000000000000000)
 - field type annotations:  Array<T>(0x0000000000000000)
 - generic signature: '
[error occurred during error reporting (inspecting top of stack), id 0xc0000005, EXCEPTION_ACCESS_VIOLATION (0xc0000005) at pc=0x00007ffe45e5e266]


---------------  P R O C E S S  ---------------

Threads class SMR info:
_java_thread_list=0x00000224c1d61900, length=28, elements={
0x000002249c602b30, 0x00000224bf2fda40, 0x00000224bf2fe500, 0x00000224bf30e830,
0x00000224bf30f2f0, 0x00000224bf311bc0, 0x00000224bf313490, 0x00000224bf31e930,
0x00000224bf31f230, 0x00000224bf320310, 0x00000224bfe25080, 0x00000224bfe82030,
0x00000224bff939b0, 0x00000224bff94090, 0x00000224c0a93d50, 0x00000224c1a9ac00,
0x00000224c5d2f8d0, 0x00000224c6287010, 0x00000224c3bb9020, 0x00000224c39f9ff0,
0x00000224c39f8cb0, 0x00000224c39fa990, 0x00000224c39f9b20, 0x00000224c39f7e40,
0x00000224c39f6fd0, 0x00000224c39f9650, 0x00000224c39fa4c0, 0x00000224c39f7970
}

Java Threads: ( => current thread )
  0x000002249c602b30 JavaThread "main" [_thread_blocked, id=23956, stack(0x000000c6db300000,0x000000c6db400000)]
  0x00000224bf2fda40 JavaThread "Reference Handler" daemon [_thread_blocked, id=25648, stack(0x000000c6dba00000,0x000000c6dbb00000)]
  0x00000224bf2fe500 JavaThread "Finalizer" daemon [_thread_blocked, id=30016, stack(0x000000c6dbb00000,0x000000c6dbc00000)]
  0x00000224bf30e830 JavaThread "Signal Dispatcher" daemon [_thread_blocked, id=17336, stack(0x000000c6dbc00000,0x000000c6dbd00000)]
  0x00000224bf30f2f0 JavaThread "Attach Listener" daemon [_thread_blocked, id=11160, stack(0x000000c6dbd00000,0x000000c6dbe00000)]
  0x00000224bf311bc0 JavaThread "Service Thread" daemon [_thread_blocked, id=17500, stack(0x000000c6dbe00000,0x000000c6dbf00000)]
  0x00000224bf313490 JavaThread "Monitor Deflation Thread" daemon [_thread_blocked, id=14628, stack(0x000000c6dbf00000,0x000000c6dc000000)]
  0x00000224bf31e930 JavaThread "C2 CompilerThread0" daemon [_thread_blocked, id=8480, stack(0x000000c6dc000000,0x000000c6dc100000)]
  0x00000224bf31f230 JavaThread "C1 CompilerThread0" daemon [_thread_blocked, id=15388, stack(0x000000c6dc100000,0x000000c6dc200000)]
  0x00000224bf320310 JavaThread "Sweeper thread" daemon [_thread_blocked, id=3612, stack(0x000000c6dc200000,0x000000c6dc300000)]
  0x00000224bfe25080 JavaThread "Common-Cleaner" daemon [_thread_blocked, id=27172, stack(0x000000c6dc300000,0x000000c6dc400000)]
=>0x00000224bfe82030 JavaThread "JDWP Transport Listener: dt_socket" daemon [_thread_in_vm, id=20152, stack(0x000000c6dc400000,0x000000c6dc500000)]
  0x00000224bff939b0 JavaThread "JDWP Event Helper Thread" daemon [_thread_blocked, id=29312, stack(0x000000c6dc500000,0x000000c6dc600000)]
  0x00000224bff94090 JavaThread "JDWP Command Reader" daemon [_thread_in_native, id=24548, stack(0x000000c6dc600000,0x000000c6dc700000)]
  0x00000224c0a93d50 JavaThread "Notification Thread" daemon [_thread_blocked, id=4032, stack(0x000000c6dc800000,0x000000c6dc900000)]
  0x00000224c1a9ac00 JavaThread "TestNG-test=MenusPais-V1-shop-desktop-chrome-1" [_thread_blocked, id=15164, stack(0x000000c6dd200000,0x000000c6dd300000)]
  0x00000224c5d2f8d0 JavaThread "AsyncHttpClient-1-1" daemon [_thread_blocked, id=14096, stack(0x000000c6dd500000,0x000000c6dd600000)]
  0x00000224c6287010 JavaThread "ForkJoinPool.commonPool-worker-2" daemon [_thread_blocked, id=25040, stack(0x000000c6dd600000,0x000000c6dd700000)]
  0x00000224c3bb9020 JavaThread "Exec Default Executor" daemon [_thread_in_native, id=16244, stack(0x000000c6dd700000,0x000000c6dd800000)]
  0x00000224c39f9ff0 JavaThread "Driver Service Executor" daemon [_thread_blocked, id=6312, stack(0x000000c6dd800000,0x000000c6dd900000)]
  0x00000224c39f8cb0 JavaThread "Driver Service Executor" daemon [_thread_blocked, id=6764, stack(0x000000c6dd900000,0x000000c6dda00000)]
  0x00000224c39fa990 JavaThread "Exec Stream Pumper" daemon [_thread_in_native, id=15820, stack(0x000000c6ddb00000,0x000000c6ddc00000)]
  0x00000224c39f9b20 JavaThread "Exec Stream Pumper" daemon [_thread_in_native, id=29636, stack(0x000000c6ddc00000,0x000000c6ddd00000)]
  0x00000224c39f7e40 JavaThread "ForkJoinPool.commonPool-worker-3" daemon [_thread_blocked, id=18984, stack(0x000000c6ddf00000,0x000000c6de000000)]
  0x00000224c39f6fd0 JavaThread "AsyncHttpClient-1-2" daemon [_thread_in_native, id=1880, stack(0x000000c6de000000,0x000000c6de100000)]
  0x00000224c39f9650 JavaThread "AsyncHttpClient-1-3" daemon [_thread_in_native, id=22076, stack(0x000000c6dca00000,0x000000c6dcb00000)]
  0x00000224c39fa4c0 JavaThread "AsyncHttpClient-1-4" daemon [_thread_in_native, id=9828, stack(0x000000c6dde00000,0x000000c6ddf00000)]
  0x00000224c39f7970 JavaThread "HttpClient-1-SelectorManager" daemon [_thread_in_native, id=19996, stack(0x000000c6dc700000,0x000000c6dc800000)]

Other Threads:
  0x00000224bf2f77d0 VMThread "VM Thread" [stack: 0x000000c6db900000,0x000000c6dba00000] [id=23884]
  0x000002249c66e900 WatcherThread [stack: 0x000000c6dc900000,0x000000c6dca00000] [id=2708]
  0x000002249c650c60 GCTaskThread "GC Thread#0" [stack: 0x000000c6db400000,0x000000c6db500000] [id=15084]
  0x00000224c0bd51c0 GCTaskThread "GC Thread#1" [stack: 0x000000c6dcb00000,0x000000c6dcc00000] [id=24844]
  0x00000224c12ce1b0 GCTaskThread "GC Thread#2" [stack: 0x000000c6dcc00000,0x000000c6dcd00000] [id=5508]
  0x00000224c12ce460 GCTaskThread "GC Thread#3" [stack: 0x000000c6dcd00000,0x000000c6dce00000] [id=11640]
  0x00000224c12ce710 GCTaskThread "GC Thread#4" [stack: 0x000000c6dce00000,0x000000c6dcf00000] [id=24492]
  0x00000224c12ce9c0 GCTaskThread "GC Thread#5" [stack: 0x000000c6dcf00000,0x000000c6dd000000] [id=2880]
  0x00000224c0b50820 GCTaskThread "GC Thread#6" [stack: 0x000000c6dd000000,0x000000c6dd100000] [id=6240]
  0x00000224c1470200 GCTaskThread "GC Thread#7" [stack: 0x000000c6dd100000,0x000000c6dd200000] [id=14980]
  0x000002249c662f50 ConcurrentGCThread "G1 Main Marker" [stack: 0x000000c6db500000,0x000000c6db600000] [id=14068]
  0x000002249c663710 ConcurrentGCThread "G1 Conc#0" [stack: 0x000000c6db600000,0x000000c6db700000] [id=29340]
  0x00000224c1d54590 ConcurrentGCThread "G1 Conc#1" [stack: 0x000000c6dd400000,0x000000c6dd500000] [id=25012]
  0x00000224bf1b30e0 ConcurrentGCThread "G1 Refine#0" [stack: 0x000000c6db700000,0x000000c6db800000] [id=24476]
  0x00000224bf1b38b0 ConcurrentGCThread "G1 Service" [stack: 0x000000c6db800000,0x000000c6db900000] [id=20132]

Threads with active compile tasks:

VM state: not at safepoint (normal execution)

VM Mutex/Monitor currently owned by a thread: None

Heap address: 0x0000000701a00000, size: 4070 MB, Compressed Oops mode: Zero based, Oop shift amount: 3

CDS archive(s) mapped at: [0x0000000800000000-0x0000000800bc0000-0x0000000800bc0000), size 12320768, SharedBaseAddress: 0x0000000800000000, ArchiveRelocationMode: 0.
Compressed class space mapped at: 0x0000000800c00000-0x0000000840c00000, reserved size: 1073741824
Narrow klass base: 0x0000000800000000, Narrow klass shift: 0, Narrow klass range: 0x100000000

GC Precious Log:
 CPUs: 8 total, 8 available
 Memory: 16275M
 Large Page Support: Disabled
 NUMA Support: Disabled
 Compressed Oops: Enabled (Zero based)
 Heap Region Size: 2M
 Heap Min Capacity: 8M
 Heap Initial Capacity: 256M
 Heap Max Capacity: 4070M
 Pre-touch: Disabled
 Parallel Workers: 8
 Concurrent Workers: 2
 Concurrent Refinement Workers: 8
 Periodic GC: Disabled

Heap:
 garbage-first heap   total 133120K, used 59840K [0x0000000701a00000, 0x0000000800000000)
  region size 2048K, 7 young (14336K), 1 survivors (2048K)
 Metaspace       used 42062K, committed 42432K, reserved 1089536K
  class space    used 5004K, committed 5184K, reserved 1048576K

Heap Regions: E=young(eden), S=young(survivor), O=old, HS=humongous(starts), HC=humongous(continues), CS=collection set, F=free, OA=open archive, CA=closed archive, TAMS=top-at-mark-start (previous, next)
|   0|0x0000000701a00000, 0x0000000701c00000, 0x0000000701c00000|100%| O|  |TAMS 0x0000000701c00000, 0x0000000701a00000| Untracked 
|   1|0x0000000701c00000, 0x0000000701e00000, 0x0000000701e00000|100%| O|  |TAMS 0x0000000701e00000, 0x0000000701c00000| Untracked 
|   2|0x0000000701e00000, 0x0000000702000000, 0x0000000702000000|100%| O|  |TAMS 0x0000000702000000, 0x0000000701e00000| Untracked 
|   3|0x0000000702000000, 0x00000007021fe200, 0x0000000702200000| 99%| O|  |TAMS 0x00000007021fe200, 0x0000000702000000| Untracked 
|   4|0x0000000702200000, 0x0000000702400000, 0x0000000702400000|100%| O|  |TAMS 0x0000000702400000, 0x0000000702200000| Untracked 
|   5|0x0000000702400000, 0x0000000702600000, 0x0000000702600000|100%| O|  |TAMS 0x0000000702600000, 0x0000000702400000| Untracked 
|   6|0x0000000702600000, 0x0000000702800000, 0x0000000702800000|100%|HS|  |TAMS 0x0000000702800000, 0x0000000702600000| Complete 
|   7|0x0000000702800000, 0x0000000702a00000, 0x0000000702a00000|100%| O|  |TAMS 0x0000000702a00000, 0x0000000702800000| Untracked 
|   8|0x0000000702a00000, 0x0000000702c00000, 0x0000000702c00000|100%| O|  |TAMS 0x0000000702c00000, 0x0000000702a00000| Untracked 
|   9|0x0000000702c00000, 0x0000000702e00000, 0x0000000702e00000|100%| O|  |TAMS 0x0000000702e00000, 0x0000000702c00000| Untracked 
|  10|0x0000000702e00000, 0x0000000703000000, 0x0000000703000000|100%| O|  |TAMS 0x0000000703000000, 0x0000000702e00000| Untracked 
|  11|0x0000000703000000, 0x0000000703200000, 0x0000000703200000|100%| O|  |TAMS 0x0000000703200000, 0x0000000703000000| Untracked 
|  12|0x0000000703200000, 0x0000000703400000, 0x0000000703400000|100%| O|  |TAMS 0x0000000703400000, 0x0000000703200000| Untracked 
|  13|0x0000000703400000, 0x0000000703400000, 0x0000000703600000|  0%| F|  |TAMS 0x0000000703400000, 0x0000000703400000| Untracked 
|  14|0x0000000703600000, 0x0000000703600000, 0x0000000703800000|  0%| F|  |TAMS 0x0000000703600000, 0x0000000703600000| Untracked 
|  15|0x0000000703800000, 0x0000000703a00000, 0x0000000703a00000|100%|HS|  |TAMS 0x0000000703800000, 0x0000000703800000| Complete 
|  16|0x0000000703a00000, 0x0000000703c00000, 0x0000000703c00000|100%|HC|  |TAMS 0x0000000703a00000, 0x0000000703a00000| Complete 
|  17|0x0000000703c00000, 0x0000000703c00000, 0x0000000703e00000|  0%| F|  |TAMS 0x0000000703c00000, 0x0000000703c00000| Untracked 
|  18|0x0000000703e00000, 0x0000000703e00000, 0x0000000704000000|  0%| F|  |TAMS 0x0000000703e00000, 0x0000000703e00000| Untracked 
|  19|0x0000000704000000, 0x0000000704000000, 0x0000000704200000|  0%| F|  |TAMS 0x0000000704000000, 0x0000000704000000| Untracked 
|  20|0x0000000704200000, 0x0000000704200000, 0x0000000704400000|  0%| F|  |TAMS 0x0000000704200000, 0x0000000704200000| Untracked 
|  21|0x0000000704400000, 0x0000000704600000, 0x0000000704600000|100%|HS|  |TAMS 0x0000000704600000, 0x0000000704400000| Complete 
|  22|0x0000000704600000, 0x0000000704800000, 0x0000000704800000|100%|HC|  |TAMS 0x0000000704800000, 0x0000000704600000| Complete 
|  23|0x0000000704800000, 0x0000000704a00000, 0x0000000704a00000|100%|HC|  |TAMS 0x0000000704a00000, 0x0000000704800000| Complete 
|  24|0x0000000704a00000, 0x0000000704c00000, 0x0000000704c00000|100%|HC|  |TAMS 0x0000000704c00000, 0x0000000704a00000| Complete 
|  25|0x0000000704c00000, 0x0000000704e00000, 0x0000000704e00000|100%|HC|  |TAMS 0x0000000704e00000, 0x0000000704c00000| Complete 
|  26|0x0000000704e00000, 0x0000000705000000, 0x0000000705000000|100%|HC|  |TAMS 0x0000000705000000, 0x0000000704e00000| Complete 
|  27|0x0000000705000000, 0x0000000705200000, 0x0000000705200000|100%|HC|  |TAMS 0x0000000705200000, 0x0000000705000000| Complete 
|  28|0x0000000705200000, 0x0000000705400000, 0x0000000705400000|100%|HC|  |TAMS 0x0000000705400000, 0x0000000705200000| Complete 
|  29|0x0000000705400000, 0x0000000705600000, 0x0000000705600000|100%|HC|  |TAMS 0x0000000705600000, 0x0000000705400000| Complete 
|  30|0x0000000705600000, 0x0000000705600000, 0x0000000705800000|  0%| F|  |TAMS 0x0000000705600000, 0x0000000705600000| Untracked 
|  31|0x0000000705800000, 0x0000000705800000, 0x0000000705a00000|  0%| F|  |TAMS 0x0000000705800000, 0x0000000705800000| Untracked 
|  32|0x0000000705a00000, 0x0000000705a00000, 0x0000000705c00000|  0%| F|  |TAMS 0x0000000705a00000, 0x0000000705a00000| Untracked 
|  33|0x0000000705c00000, 0x0000000705c00000, 0x0000000705e00000|  0%| F|  |TAMS 0x0000000705c00000, 0x0000000705c00000| Untracked 
|  34|0x0000000705e00000, 0x0000000705fc3200, 0x0000000706000000| 88%| O|  |TAMS 0x0000000705fc3200, 0x0000000705e00000| Untracked 
|  35|0x0000000706000000, 0x0000000706000000, 0x0000000706200000|  0%| F|  |TAMS 0x0000000706000000, 0x0000000706000000| Untracked 
|  36|0x0000000706200000, 0x0000000706200000, 0x0000000706400000|  0%| F|  |TAMS 0x0000000706200000, 0x0000000706200000| Untracked 
|  37|0x0000000706400000, 0x0000000706400000, 0x0000000706600000|  0%| F|  |TAMS 0x0000000706400000, 0x0000000706400000| Untracked 
|  38|0x0000000706600000, 0x0000000706600000, 0x0000000706800000|  0%| F|  |TAMS 0x0000000706600000, 0x0000000706600000| Untracked 
|  39|0x0000000706800000, 0x0000000706800000, 0x0000000706a00000|  0%| F|  |TAMS 0x0000000706800000, 0x0000000706800000| Untracked 
|  40|0x0000000706a00000, 0x0000000706a00000, 0x0000000706c00000|  0%| F|  |TAMS 0x0000000706a00000, 0x0000000706a00000| Untracked 
|  41|0x0000000706c00000, 0x0000000706c00000, 0x0000000706e00000|  0%| F|  |TAMS 0x0000000706c00000, 0x0000000706c00000| Untracked 
|  42|0x0000000706e00000, 0x0000000706e00000, 0x0000000707000000|  0%| F|  |TAMS 0x0000000706e00000, 0x0000000706e00000| Untracked 
|  43|0x0000000707000000, 0x0000000707000000, 0x0000000707200000|  0%| F|  |TAMS 0x0000000707000000, 0x0000000707000000| Untracked 
|  44|0x0000000707200000, 0x0000000707200000, 0x0000000707400000|  0%| F|  |TAMS 0x0000000707200000, 0x0000000707200000| Untracked 
|  45|0x0000000707400000, 0x0000000707400000, 0x0000000707600000|  0%| F|  |TAMS 0x0000000707400000, 0x0000000707400000| Untracked 
|  46|0x0000000707600000, 0x00000007076aedf8, 0x0000000707800000| 34%| S|CS|TAMS 0x0000000707600000, 0x0000000707600000| Complete 
|  47|0x0000000707800000, 0x0000000707800000, 0x0000000707a00000|  0%| F|  |TAMS 0x0000000707800000, 0x0000000707800000| Untracked 
|  48|0x0000000707a00000, 0x0000000707a00000, 0x0000000707c00000|  0%| F|  |TAMS 0x0000000707a00000, 0x0000000707a00000| Untracked 
|  49|0x0000000707c00000, 0x0000000707c00000, 0x0000000707e00000|  0%| F|  |TAMS 0x0000000707c00000, 0x0000000707c00000| Untracked 
|  50|0x0000000707e00000, 0x0000000707e00000, 0x0000000708000000|  0%| F|  |TAMS 0x0000000707e00000, 0x0000000707e00000| Untracked 
|  51|0x0000000708000000, 0x0000000708000000, 0x0000000708200000|  0%| F|  |TAMS 0x0000000708000000, 0x0000000708000000| Untracked 
|  52|0x0000000708200000, 0x0000000708200000, 0x0000000708400000|  0%| F|  |TAMS 0x0000000708200000, 0x0000000708200000| Untracked 
|  53|0x0000000708400000, 0x0000000708400000, 0x0000000708600000|  0%| F|  |TAMS 0x0000000708400000, 0x0000000708400000| Untracked 
|  54|0x0000000708600000, 0x0000000708600000, 0x0000000708800000|  0%| F|  |TAMS 0x0000000708600000, 0x0000000708600000| Untracked 
|  55|0x0000000708800000, 0x0000000708800000, 0x0000000708a00000|  0%| F|  |TAMS 0x0000000708800000, 0x0000000708800000| Untracked 
|  56|0x0000000708a00000, 0x0000000708a00000, 0x0000000708c00000|  0%| F|  |TAMS 0x0000000708a00000, 0x0000000708a00000| Untracked 
|  57|0x0000000708c00000, 0x0000000708c00000, 0x0000000708e00000|  0%| F|  |TAMS 0x0000000708c00000, 0x0000000708c00000| Untracked 
|  58|0x0000000708e00000, 0x0000000708e00000, 0x0000000709000000|  0%| F|  |TAMS 0x0000000708e00000, 0x0000000708e00000| Untracked 
|  59|0x0000000709000000, 0x0000000709128e70, 0x0000000709200000| 57%| E|  |TAMS 0x0000000709000000, 0x0000000709000000| Complete 
|  89|0x000000070cc00000, 0x000000070ce00000, 0x000000070ce00000|100%| E|CS|TAMS 0x000000070cc00000, 0x000000070cc00000| Complete 
|  90|0x000000070ce00000, 0x000000070d000000, 0x000000070d000000|100%| E|CS|TAMS 0x000000070ce00000, 0x000000070ce00000| Complete 
|  91|0x000000070d000000, 0x000000070d200000, 0x000000070d200000|100%| E|CS|TAMS 0x000000070d000000, 0x000000070d000000| Complete 
|  94|0x000000070d600000, 0x000000070d800000, 0x000000070d800000|100%| E|  |TAMS 0x000000070d600000, 0x000000070d600000| Complete 
| 127|0x0000000711800000, 0x0000000711a00000, 0x0000000711a00000|100%| E|CS|TAMS 0x0000000711800000, 0x0000000711800000| Complete 

Card table byte_map: [0x00000224b3970000,0x00000224b4170000] _byte_map_base: 0x00000224b0163000

Marking Bits (Prev, Next): (CMBitMap*) 0x000002249c651020, (CMBitMap*) 0x000002249c651060
 Prev Bits: [0x00000224b4970000, 0x00000224b8908000)
 Next Bits: [0x00000224b8910000, 0x00000224bc8a8000)

Polling page: 0x000002249a5f0000

Metaspace:

Usage:
  Non-class:     36.19 MB used.
      Class:      4.89 MB used.
       Both:     41.08 MB used.

Virtual space:
  Non-class space:       40.00 MB reserved,      36.38 MB ( 91%) committed,  5 nodes.
      Class space:        1.00 GB reserved,       5.06 MB ( <1%) committed,  1 nodes.
             Both:        1.04 GB reserved,      41.44 MB (  4%) committed. 

Chunk freelists:
   Non-Class:  3.41 MB
       Class:  2.88 MB
        Both:  6.29 MB

MaxMetaspaceSize: unlimited
CompressedClassSpaceSize: 1.00 GB
Initial GC threshold: 21.00 MB
Current GC threshold: 68.44 MB
CDS: on
MetaspaceReclaimPolicy: balanced
 - commit_granule_bytes: 65536.
 - commit_granule_words: 8192.
 - virtual_space_node_default_size: 1048576.
 - enlarge_chunks_in_place: 1.
 - new_chunks_are_fully_committed: 0.
 - uncommit_free_chunks: 1.
 - use_allocation_guard: 0.
 - handle_deallocations: 1.


Internal statistics:

num_allocs_failed_limit: 3.
num_arena_births: 428.
num_arena_deaths: 0.
num_vsnodes_births: 6.
num_vsnodes_deaths: 0.
num_space_committed: 663.
num_space_uncommitted: 0.
num_chunks_returned_to_freelist: 3.
num_chunks_taken_from_freelist: 1631.
num_chunk_merges: 3.
num_chunk_splits: 1146.
num_chunks_enlarged: 870.
num_purges: 0.
num_inconsistent_stats: 0.

CodeHeap 'non-profiled nmethods': size=120000Kb used=3271Kb max_used=3327Kb free=116728Kb
 bounds [0x00000224ab910000, 0x00000224abc50000, 0x00000224b2e40000]
CodeHeap 'profiled nmethods': size=120000Kb used=10638Kb max_used=10638Kb free=109361Kb
 bounds [0x00000224a43e0000, 0x00000224a4e50000, 0x00000224ab910000]
CodeHeap 'non-nmethods': size=5760Kb used=1409Kb max_used=1487Kb free=4350Kb
 bounds [0x00000224a3e40000, 0x00000224a40b0000, 0x00000224a43e0000]
 total_blobs=5851 nmethods=5187 adapters=576
 compilation: enabled
              stopped_count=0, restarted_count=0
 full_count=0

Compilation events (20 events):
Event: 41.785 Thread 0x00000224bf31f230 5845       3       io.netty.util.HashedWheelTimer$HashedWheelTimeout::compareAndSetState (10 bytes)
Event: 41.785 Thread 0x00000224bf31f230 nmethod 5845 0x00000224a4e42d10 code [0x00000224a4e42ec0, 0x00000224a4e43028]
Event: 63.778 Thread 0x00000224bf31f230 5846       3       java.util.concurrent.ConcurrentLinkedDeque$Itr::nextNode (9 bytes)
Event: 63.778 Thread 0x00000224bf31f230 nmethod 5846 0x00000224a4e43110 code [0x00000224a4e432c0, 0x00000224a4e434e8]
Event: 63.778 Thread 0x00000224bf31f230 5847       3       java.util.concurrent.ConcurrentLinkedDeque::succ (17 bytes)
Event: 63.778 Thread 0x00000224bf31f230 nmethod 5847 0x00000224a4e43610 code [0x00000224a4e437c0, 0x00000224a4e43968]
Event: 64.076 Thread 0x00000224bf31f230 5848       3       java.lang.invoke.MemberName::getFactory (4 bytes)
Event: 64.076 Thread 0x00000224bf31f230 nmethod 5848 0x00000224a46a3590 code [0x00000224a46a3720, 0x00000224a46a3818]
Event: 74.777 Thread 0x00000224bf31f230 5849       3       org.asynchttpclient.netty.channel.DefaultChannelPool::access$500 (4 bytes)
Event: 74.778 Thread 0x00000224bf31f230 nmethod 5849 0x00000224a4750290 code [0x00000224a4750420, 0x00000224a4750518]
Event: 74.778 Thread 0x00000224bf31f230 5850       1       java.util.Collections$EmptyList::size (2 bytes)
Event: 74.778 Thread 0x00000224bf31f230 nmethod 5850 0x00000224aba2ba90 code [0x00000224aba2bc20, 0x00000224aba2bcf8]
Event: 82.474 Thread 0x00000224bf31f230 5851       3       java.util.concurrent.ConcurrentLinkedDeque$AbstractItr::advance (80 bytes)
Event: 82.474 Thread 0x00000224bf31f230 nmethod 5851 0x00000224a4e43a10 code [0x00000224a4e43c00, 0x00000224a4e442a8]
Event: 82.474 Thread 0x00000224bf31f230 5852       3       java.util.concurrent.ConcurrentLinkedDeque$AbstractItr::hasNext (13 bytes)
Event: 82.475 Thread 0x00000224bf31f230 nmethod 5852 0x00000224a4e44410 code [0x00000224a4e445a0, 0x00000224a4e44718]
Event: 94.579 Thread 0x00000224bf31f230 5853       3       java.util.concurrent.ConcurrentHashMap$ValueIterator::<init> (12 bytes)
Event: 94.580 Thread 0x00000224bf31f230 nmethod 5853 0x00000224a4e44790 code [0x00000224a4e44920, 0x00000224a4e44aa8]
Event: 104.485 Thread 0x00000224bf31f230 5854       1       io.netty.util.HashedWheelTimer$HashedWheelTimeout::access$1300 (5 bytes)
Event: 104.485 Thread 0x00000224bf31f230 nmethod 5854 0x00000224aba2b790 code [0x00000224aba2b920, 0x00000224aba2b9d8]

GC Heap History (20 events):
Event: 13.277 GC heap before
{Heap before GC invocations=13 (full 0):
 garbage-first heap   total 71680K, used 53010K [0x0000000701a00000, 0x0000000800000000)
  region size 2048K, 9 young (18432K), 1 survivors (2048K)
 Metaspace       used 36899K, committed 37248K, reserved 1089536K
  class space    used 4467K, committed 4608K, reserved 1048576K
}
Event: 13.279 GC heap after
{Heap after GC invocations=14 (full 0):
 garbage-first heap   total 71680K, used 38953K [0x0000000701a00000, 0x0000000800000000)
  region size 2048K, 1 young (2048K), 1 survivors (2048K)
 Metaspace       used 36899K, committed 37248K, reserved 1089536K
  class space    used 4467K, committed 4608K, reserved 1048576K
}
Event: 13.453 GC heap before
{Heap before GC invocations=15 (full 0):
 garbage-first heap   total 75776K, used 57385K [0x0000000701a00000, 0x0000000800000000)
  region size 2048K, 10 young (20480K), 1 survivors (2048K)
 Metaspace       used 38333K, committed 38656K, reserved 1089536K
  class space    used 4643K, committed 4800K, reserved 1048576K
}
Event: 13.455 GC heap after
{Heap after GC invocations=16 (full 0):
 garbage-first heap   total 75776K, used 39211K [0x0000000701a00000, 0x0000000800000000)
  region size 2048K, 1 young (2048K), 1 survivors (2048K)
 Metaspace       used 38333K, committed 38656K, reserved 1089536K
  class space    used 4643K, committed 4800K, reserved 1048576K
}
Event: 14.463 GC heap before
{Heap before GC invocations=16 (full 0):
 garbage-first heap   total 75776K, used 61739K [0x0000000701a00000, 0x0000000800000000)
  region size 2048K, 12 young (24576K), 1 survivors (2048K)
 Metaspace       used 40081K, committed 40384K, reserved 1089536K
  class space    used 4888K, committed 5056K, reserved 1048576K
}
Event: 14.467 GC heap after
{Heap after GC invocations=17 (full 0):
 garbage-first heap   total 104448K, used 40202K [0x0000000701a00000, 0x0000000800000000)
  region size 2048K, 2 young (4096K), 2 survivors (4096K)
 Metaspace       used 40081K, committed 40384K, reserved 1089536K
  class space    used 4888K, committed 5056K, reserved 1048576K
}
Event: 14.783 GC heap before
{Heap before GC invocations=18 (full 0):
 garbage-first heap   total 104448K, used 93450K [0x0000000701a00000, 0x0000000800000000)
  region size 2048K, 8 young (16384K), 2 survivors (4096K)
 Metaspace       used 40701K, committed 40960K, reserved 1089536K
  class space    used 4926K, committed 5056K, reserved 1048576K
}
Event: 14.789 GC heap after
{Heap after GC invocations=19 (full 0):
 garbage-first heap   total 106496K, used 53428K [0x0000000701a00000, 0x0000000800000000)
  region size 2048K, 3 young (6144K), 3 survivors (6144K)
 Metaspace       used 40701K, committed 40960K, reserved 1089536K
  class space    used 4926K, committed 5056K, reserved 1048576K
}
Event: 14.801 GC heap before
{Heap before GC invocations=19 (full 0):
 garbage-first heap   total 106496K, used 53428K [0x0000000701a00000, 0x0000000800000000)
  region size 2048K, 4 young (8192K), 3 survivors (6144K)
 Metaspace       used 40734K, committed 41024K, reserved 1089536K
  class space    used 4929K, committed 5056K, reserved 1048576K
}
Event: 14.806 GC heap after
{Heap after GC invocations=20 (full 0):
 garbage-first heap   total 106496K, used 54113K [0x0000000701a00000, 0x0000000800000000)
  region size 2048K, 1 young (2048K), 1 survivors (2048K)
 Metaspace       used 40734K, committed 41024K, reserved 1089536K
  class space    used 4929K, committed 5056K, reserved 1048576K
}
Event: 14.972 GC heap before
{Heap before GC invocations=20 (full 0):
 garbage-first heap   total 106496K, used 60257K [0x0000000701a00000, 0x0000000800000000)
  region size 2048K, 6 young (12288K), 1 survivors (2048K)
 Metaspace       used 40814K, committed 41088K, reserved 1089536K
  class space    used 4935K, committed 5056K, reserved 1048576K
}
Event: 14.974 GC heap after
{Heap after GC invocations=21 (full 0):
 garbage-first heap   total 106496K, used 57309K [0x0000000701a00000, 0x0000000800000000)
  region size 2048K, 2 young (4096K), 2 survivors (4096K)
 Metaspace       used 40814K, committed 41088K, reserved 1089536K
  class space    used 4935K, committed 5056K, reserved 1048576K
}
Event: 17.630 GC heap before
{Heap before GC invocations=22 (full 0):
 garbage-first heap   total 120832K, used 94173K [0x0000000701a00000, 0x0000000800000000)
  region size 2048K, 13 young (26624K), 2 survivors (4096K)
 Metaspace       used 41497K, committed 41792K, reserved 1089536K
  class space    used 4982K, committed 5120K, reserved 1048576K
}
Event: 17.633 GC heap after
{Heap after GC invocations=23 (full 0):
 garbage-first heap   total 120832K, used 53552K [0x0000000701a00000, 0x0000000800000000)
  region size 2048K, 1 young (2048K), 1 survivors (2048K)
 Metaspace       used 41497K, committed 41792K, reserved 1089536K
  class space    used 4982K, committed 5120K, reserved 1048576K
}
Event: 19.211 GC heap before
{Heap before GC invocations=23 (full 0):
 garbage-first heap   total 120832K, used 76080K [0x0000000701a00000, 0x0000000800000000)
  region size 2048K, 13 young (26624K), 1 survivors (2048K)
 Metaspace       used 41705K, committed 42048K, reserved 1089536K
  class space    used 4984K, committed 5120K, reserved 1048576K
}
Event: 19.212 GC heap after
{Heap after GC invocations=24 (full 0):
 garbage-first heap   total 120832K, used 54468K [0x0000000701a00000, 0x0000000800000000)
  region size 2048K, 1 young (2048K), 1 survivors (2048K)
 Metaspace       used 41705K, committed 42048K, reserved 1089536K
  class space    used 4984K, committed 5120K, reserved 1048576K
}
Event: 19.213 GC heap before
{Heap before GC invocations=24 (full 0):
 garbage-first heap   total 120832K, used 56516K [0x0000000701a00000, 0x0000000800000000)
  region size 2048K, 2 young (4096K), 1 survivors (2048K)
 Metaspace       used 41706K, committed 42048K, reserved 1089536K
  class space    used 4984K, committed 5120K, reserved 1048576K
}
Event: 19.214 GC heap after
{Heap after GC invocations=25 (full 0):
 garbage-first heap   total 120832K, used 56985K [0x0000000701a00000, 0x0000000800000000)
  region size 2048K, 1 young (2048K), 1 survivors (2048K)
 Metaspace       used 41706K, committed 42048K, reserved 1089536K
  class space    used 4984K, committed 5120K, reserved 1048576K
}
Event: 26.072 GC heap before
{Heap before GC invocations=26 (full 0):
 garbage-first heap   total 133120K, used 106137K [0x0000000701a00000, 0x0000000800000000)
  region size 2048K, 18 young (36864K), 1 survivors (2048K)
 Metaspace       used 41991K, committed 42304K, reserved 1089536K
  class space    used 5000K, committed 5120K, reserved 1048576K
}
Event: 26.074 GC heap after
{Heap after GC invocations=27 (full 0):
 garbage-first heap   total 133120K, used 51648K [0x0000000701a00000, 0x0000000800000000)
  region size 2048K, 1 young (2048K), 1 survivors (2048K)
 Metaspace       used 41991K, committed 42304K, reserved 1089536K
  class space    used 5000K, committed 5120K, reserved 1048576K
}

Deoptimization events (20 events):
Event: 31.670 Thread 0x00000224c1a9ac00 DEOPT PACKING pc=0x00000224a4bed794 sp=0x000000c6dd2fbaa0
Event: 31.670 Thread 0x00000224c1a9ac00 DEOPT UNPACKING pc=0x00000224a3e92b43 sp=0x000000c6dd2faff0 mode 1
Event: 31.670 Thread 0x00000224c1a9ac00 DEOPT PACKING pc=0x00000224a4b87cb4 sp=0x000000c6dd2fbbb0
Event: 31.670 Thread 0x00000224c1a9ac00 DEOPT UNPACKING pc=0x00000224a3e92b43 sp=0x000000c6dd2fb110 mode 1
Event: 31.670 Thread 0x00000224c1a9ac00 DEOPT PACKING pc=0x00000224a4bed794 sp=0x000000c6dd2fbbb0
Event: 31.670 Thread 0x00000224c1a9ac00 DEOPT UNPACKING pc=0x00000224a3e92b43 sp=0x000000c6dd2fb100 mode 1
Event: 31.670 Thread 0x00000224c1a9ac00 DEOPT PACKING pc=0x00000224a4b87cb4 sp=0x000000c6dd2fbcc0
Event: 31.670 Thread 0x00000224c1a9ac00 DEOPT UNPACKING pc=0x00000224a3e92b43 sp=0x000000c6dd2fb208 mode 1
Event: 31.670 Thread 0x00000224c1a9ac00 DEOPT PACKING pc=0x00000224a4bed794 sp=0x000000c6dd2fbb10
Event: 31.670 Thread 0x00000224c1a9ac00 DEOPT UNPACKING pc=0x00000224a3e92b43 sp=0x000000c6dd2fb060 mode 1
Event: 31.670 Thread 0x00000224c1a9ac00 DEOPT PACKING pc=0x00000224a4b87cb4 sp=0x000000c6dd2fbc20
Event: 31.670 Thread 0x00000224c1a9ac00 DEOPT UNPACKING pc=0x00000224a3e92b43 sp=0x000000c6dd2fb180 mode 1
Event: 31.670 Thread 0x00000224c1a9ac00 DEOPT PACKING pc=0x00000224a4bed794 sp=0x000000c6dd2fbbb0
Event: 31.670 Thread 0x00000224c1a9ac00 DEOPT UNPACKING pc=0x00000224a3e92b43 sp=0x000000c6dd2fb100 mode 1
Event: 31.670 Thread 0x00000224c1a9ac00 DEOPT PACKING pc=0x00000224a4b87cb4 sp=0x000000c6dd2fbcc0
Event: 31.670 Thread 0x00000224c1a9ac00 DEOPT UNPACKING pc=0x00000224a3e92b43 sp=0x000000c6dd2fb208 mode 1
Event: 31.670 Thread 0x00000224c1a9ac00 DEOPT PACKING pc=0x00000224a4bed794 sp=0x000000c6dd2fbb10
Event: 31.670 Thread 0x00000224c1a9ac00 DEOPT UNPACKING pc=0x00000224a3e92b43 sp=0x000000c6dd2fb060 mode 1
Event: 31.670 Thread 0x00000224c1a9ac00 DEOPT PACKING pc=0x00000224a4b87cb4 sp=0x000000c6dd2fbc20
Event: 31.670 Thread 0x00000224c1a9ac00 DEOPT UNPACKING pc=0x00000224a3e92b43 sp=0x000000c6dd2fb180 mode 1

Classes unloaded (0 events):
No events

Classes redefined (1 events):
Event: 115.967 Thread 0x00000224bf2f77d0 redefined class name=com.mng.robotest.test.utils.checkmenus.DataScreenMenu, count=1

Internal exceptions (20 events):
Event: 4.116 Thread 0x00000224c1a9ac00 Exception <a 'java/lang/NoSuchMethodError'{0x000000070d1ff388}: 'void java.lang.invoke.DirectMethodHandle$Holder.invokeStatic(java.lang.Object, java.lang.Object, int)'> (0x000000070d1ff388) 
thrown [t:\workspace\open\src\hotspot\share\interpreter\linkResolver.cpp, line 766]
Event: 4.151 Thread 0x00000224c1a9ac00 Exception <a 'java/lang/NoSuchMethodError'{0x000000070cd43118}: 'java.lang.Object java.lang.invoke.DirectMethodHandle$Holder.newInvokeSpecial(java.lang.Object, java.lang.Object, java.lang.Object, java.lang.Object, java.lang.Object)'> (0x000000070cd43118) 
thrown [t:\workspace\open\src\hotspot\share\interpreter\linkResolver.cpp, line 766]
Event: 4.195 Thread 0x00000224c1a9ac00 Exception <a 'java/lang/NoSuchMethodError'{0x000000070494b5b0}: 'int java.lang.invoke.DirectMethodHandle$Holder.invokeSpecialIFC(java.lang.Object, java.lang.Object, java.lang.Object)'> (0x000000070494b5b0) 
thrown [t:\workspace\open\src\hotspot\share\interpreter\linkResolver.cpp, line 766]
Event: 4.318 Thread 0x00000224c1a9ac00 Exception <a 'java/lang/NoSuchMethodError'{0x000000070d6819d0}: 'void java.lang.invoke.DirectMethodHandle$Holder.invokeSpecial(java.lang.Object, java.lang.Object, java.lang.Object, java.lang.Object, java.lang.Object, java.lang.Object)'> (0x000000070d6819d0) 
thrown [t:\workspace\open\src\hotspot\share\interpreter\linkResolver.cpp, line 766]
Event: 5.775 Thread 0x00000224c1a9ac00 Exception <a 'java/lang/NoSuchMethodError'{0x000000070cf5a7d0}: 'java.lang.Object java.lang.invoke.DirectMethodHandle$Holder.invokeSpecialIFC(java.lang.Object, java.lang.Object, java.lang.Object)'> (0x000000070cf5a7d0) 
thrown [t:\workspace\open\src\hotspot\share\interpreter\linkResolver.cpp, line 766]
Event: 5.782 Thread 0x00000224c1a9ac00 Exception <a 'java/lang/NoSuchMethodError'{0x000000070cfb8590}: 'void java.lang.invoke.DirectMethodHandle$Holder.invokeSpecial(java.lang.Object, java.lang.Object, java.lang.Object)'> (0x000000070cfb8590) 
thrown [t:\workspace\open\src\hotspot\share\interpreter\linkResolver.cpp, line 766]
Event: 5.800 Thread 0x00000224c1a9ac00 Exception <a 'java/lang/NoSuchMethodError'{0x000000070cc79510}: 'java.lang.Object java.lang.invoke.DirectMethodHandle$Holder.invokeStatic(java.lang.Object, int, java.lang.Object)'> (0x000000070cc79510) 
thrown [t:\workspace\open\src\hotspot\share\interpreter\linkResolver.cpp, line 766]
Event: 5.804 Thread 0x00000224c1a9ac00 Exception <a 'java/lang/ClassNotFoundException'{0x000000070cc99a90}: sun/util/logging/resources/spi/loggingProvider> (0x000000070cc99a90) 
thrown [t:\workspace\open\src\hotspot\share\classfile\systemDictionary.cpp, line 256]
Event: 11.721 Thread 0x00000224c1a9ac00 Exception <a 'java/lang/ClassNotFoundException'{0x0000000703f70070}: sun/misc/SharedSecrets> (0x0000000703f70070) 
thrown [t:\workspace\open\src\hotspot\share\classfile\systemDictionary.cpp, line 256]
Event: 12.060 Thread 0x00000224c1a9ac00 Exception <a 'java/lang/NoSuchMethodError'{0x00000007119b5688}: 'java.lang.Object java.lang.invoke.DirectMethodHandle$Holder.invokeStatic(java.lang.Object, java.lang.Object, int)'> (0x00000007119b5688) 
thrown [t:\workspace\open\src\hotspot\share\interpreter\linkResolver.cpp, line 766]
Event: 12.060 Thread 0x00000224c1a9ac00 Exception <a 'java/lang/NoSuchMethodError'{0x00000007119b90a8}: 'java.lang.Object java.lang.invoke.DirectMethodHandle$Holder.invokeStaticInit(java.lang.Object, java.lang.Object, int)'> (0x00000007119b90a8) 
thrown [t:\workspace\open\src\hotspot\share\interpreter\linkResolver.cpp, line 766]
Event: 12.061 Thread 0x00000224c1a9ac00 Exception <a 'java/lang/NoSuchMethodError'{0x00000007119bf3e0}: 'java.lang.Object java.lang.invoke.DirectMethodHandle$Holder.newInvokeSpecial(java.lang.Object, java.lang.Object, int)'> (0x00000007119bf3e0) 
thrown [t:\workspace\open\src\hotspot\share\interpreter\linkResolver.cpp, line 766]
Event: 12.061 Thread 0x00000224c1a9ac00 Exception <a 'java/lang/NoSuchMethodError'{0x00000007119c9460}: 'int java.lang.invoke.DirectMethodHandle$Holder.invokeStaticInit(java.lang.Object, java.lang.Object, java.lang.Object)'> (0x00000007119c9460) 
thrown [t:\workspace\open\src\hotspot\share\interpreter\linkResolver.cpp, line 766]
Event: 12.110 Thread 0x00000224c39f7e40 Exception <a 'java/lang/NoSuchMethodError'{0x000000070cf24b58}: 'java.lang.Object java.lang.invoke.DirectMethodHandle$Holder.invokeSpecial(java.lang.Object, java.lang.Object, java.lang.Object, java.lang.Object, int)'> (0x000000070cf24b58) 
thrown [t:\workspace\open\src\hotspot\share\interpreter\linkResolver.cpp, line 766]
Event: 12.110 Thread 0x00000224c39f7e40 Exception <a 'java/lang/NoSuchMethodError'{0x000000070cf28720}: 'java.lang.Object java.lang.invoke.Invokers$Holder.linkToTargetMethod(java.lang.Object, java.lang.Object, int, java.lang.Object)'> (0x000000070cf28720) 
thrown [t:\workspace\open\src\hotspot\share\interpreter\linkResolver.cpp, line 766]
Event: 12.149 Thread 0x00000224c12412b0 Exception <a 'java/lang/NoSuchMethodError'{0x000000070cdfc868}: 'int java.lang.invoke.DirectMethodHandle$Holder.invokeStaticInit(java.lang.Object, int, int)'> (0x000000070cdfc868) 
thrown [t:\workspace\open\src\hotspot\share\interpreter\linkResolver.cpp, line 766]
Event: 12.154 Thread 0x00000224c12412b0 Exception <a 'java/lang/NoSuchMethodError'{0x0000000704267908}: 'void java.lang.invoke.DirectMethodHandle$Holder.invokeVirtual(java.lang.Object, java.lang.Object)'> (0x0000000704267908) 
thrown [t:\workspace\open\src\hotspot\share\interpreter\linkResolver.cpp, line 766]
Event: 12.242 Thread 0x00000224c12412b0 Exception <a 'java/lang/NoSuchMethodError'{0x00000007040dae70}: 'void java.lang.invoke.DirectMethodHandle$Holder.invokeInterface(java.lang.Object, java.lang.Object)'> (0x00000007040dae70) 
thrown [t:\workspace\open\src\hotspot\share\interpreter\linkResolver.cpp, line 766]
Event: 17.519 Thread 0x00000224c1a9ac00 Exception <a 'java/lang/NoSuchMethodError'{0x0000000708103e18}: 'java.lang.Object java.lang.invoke.DirectMethodHandle$Holder.invokeSpecialIFC(java.lang.Object, java.lang.Object)'> (0x0000000708103e18) 
thrown [t:\workspace\open\src\hotspot\share\interpreter\linkResolver.cpp, line 766]
Event: 17.519 Thread 0x00000224c1a9ac00 Exception <a 'java/lang/NoSuchMethodError'{0x000000070810a3b8}: 'void java.lang.invoke.DirectMethodHandle$Holder.invokeSpecial(java.lang.Object, java.lang.Object, int)'> (0x000000070810a3b8) 
thrown [t:\workspace\open\src\hotspot\share\interpreter\linkResolver.cpp, line 766]

VM Operations (20 events):
Event: 32.035 Executing VM operation: get/set locals
Event: 32.035 Executing VM operation: get/set locals done
Event: 66.315 Executing VM operation: Cleanup
Event: 66.315 Executing VM operation: Cleanup done
Event: 84.477 Executing VM operation: Cleanup
Event: 84.478 Executing VM operation: Cleanup done
Event: 115.945 Executing VM operation: ChangeSingleStep
Event: 115.945 Executing VM operation: ChangeSingleStep done
Event: 115.945 Executing VM operation: ChangeSingleStep
Event: 115.945 Executing VM operation: ChangeSingleStep done
Event: 115.959 Executing VM operation: RedefineClasses
Event: 115.979 Executing VM operation: RedefineClasses done
Event: 115.990 Executing VM operation: ChangeBreakpoints
Event: 115.991 Executing VM operation: ChangeBreakpoints done
Event: 116.002 Executing VM operation: ChangeSingleStep
Event: 116.002 Executing VM operation: ChangeSingleStep done
Event: 116.002 Executing VM operation: get/set locals
Event: 116.002 Executing VM operation: get/set locals done
Event: 116.003 Executing VM operation: ChangeSingleStep
Event: 116.003 Executing VM operation: ChangeSingleStep done

Events (20 events):
Event: 14.791 loading class sun/security/ssl/Alert$Level done
Event: 14.850 loading class java/util/ArrayDeque$DeqSpliterator
Event: 14.851 loading class java/util/ArrayDeque$DeqSpliterator done
Event: 15.176 Thread 0x00000224c12ffdf0 Thread exited: 0x00000224c12ffdf0
Event: 17.517 loading class java/lang/StringUTF16$CodePointsSpliterator
Event: 17.517 loading class java/lang/StringUTF16$CodePointsSpliterator done
Event: 17.519 loading class java/lang/CharSequence$1CodePointIterator
Event: 17.519 loading class java/util/PrimitiveIterator$OfInt
Event: 17.519 loading class java/util/PrimitiveIterator
Event: 17.519 loading class java/util/PrimitiveIterator done
Event: 17.519 loading class java/util/PrimitiveIterator$OfInt done
Event: 17.519 loading class java/lang/CharSequence$1CodePointIterator done
Event: 17.520 loading class java/util/Spliterators$IntIteratorSpliterator
Event: 17.520 loading class java/util/Spliterators$IntIteratorSpliterator done
Event: 19.236 Thread 0x00000224c1300d20 Thread added: 0x00000224c1300d20
Event: 19.288 loading class java/util/AbstractList$ListItr
Event: 19.288 loading class java/util/AbstractList$ListItr done
Event: 23.074 Thread 0x00000224c1300d20 Thread exited: 0x00000224c1300d20
Event: 64.076 Thread 0x00000224c39f9180 Thread exited: 0x00000224c39f9180
Event: 73.159 Thread 0x00000224c12412b0 Thread exited: 0x00000224c12412b0


Dynamic libraries:
0x00007ff613a70000 - 0x00007ff613a80000 	C:\Program Files\Java\jdk-17.0.2\bin\javaw.exe
0x00007ffec9650000 - 0x00007ffec9845000 	C:\WINDOWS\SYSTEM32\ntdll.dll
0x00007ffec9530000 - 0x00007ffec95ee000 	C:\WINDOWS\System32\KERNEL32.DLL
0x00007ffec73c0000 - 0x00007ffec7688000 	C:\WINDOWS\System32\KERNELBASE.dll
0x00007ffec7090000 - 0x00007ffec7190000 	C:\WINDOWS\System32\ucrtbase.dll
0x00007ffebfbd0000 - 0x00007ffebfbea000 	C:\Program Files\Java\jdk-17.0.2\bin\VCRUNTIME140.dll
0x00007ffebfbb0000 - 0x00007ffebfbc8000 	C:\Program Files\Java\jdk-17.0.2\bin\jli.dll
0x00007ffec8cc0000 - 0x00007ffec8d6e000 	C:\WINDOWS\System32\ADVAPI32.dll
0x00007ffec7740000 - 0x00007ffec77de000 	C:\WINDOWS\System32\msvcrt.dll
0x00007ffec7690000 - 0x00007ffec772c000 	C:\WINDOWS\System32\sechost.dll
0x00007ffec90c0000 - 0x00007ffec91e5000 	C:\WINDOWS\System32\RPCRT4.dll
0x00007ffec8d70000 - 0x00007ffec8f11000 	C:\WINDOWS\System32\USER32.dll
0x00007ffec7390000 - 0x00007ffec73b2000 	C:\WINDOWS\System32\win32u.dll
0x00007ffead040000 - 0x00007ffead2da000 	C:\WINDOWS\WinSxS\amd64_microsoft.windows.common-controls_6595b64144ccf1df_6.0.19041.1110_none_60b5254171f9507e\COMCTL32.dll
0x00007ffec7870000 - 0x00007ffec789b000 	C:\WINDOWS\System32\GDI32.dll
0x00007ffec6db0000 - 0x00007ffec6ebd000 	C:\WINDOWS\System32\gdi32full.dll
0x00007ffec72f0000 - 0x00007ffec738d000 	C:\WINDOWS\System32\msvcp_win.dll
0x00007ffec59e0000 - 0x00007ffec59ea000 	C:\WINDOWS\SYSTEM32\VERSION.dll
0x00007ffec8c80000 - 0x00007ffec8cb0000 	C:\WINDOWS\System32\IMM32.DLL
0x00007ffec3940000 - 0x00007ffec394c000 	C:\Program Files\Java\jdk-17.0.2\bin\vcruntime140_1.dll
0x00007ffe8cfb0000 - 0x00007ffe8d03d000 	C:\Program Files\Java\jdk-17.0.2\bin\msvcp140.dll
0x00007ffe45720000 - 0x00007ffe462e1000 	C:\Program Files\Java\jdk-17.0.2\bin\server\jvm.dll
0x00007ffec91f0000 - 0x00007ffec91f8000 	C:\WINDOWS\System32\PSAPI.DLL
0x00007ffeaf8b0000 - 0x00007ffeaf8d7000 	C:\WINDOWS\SYSTEM32\WINMM.dll
0x00007ffea6710000 - 0x00007ffea6719000 	C:\WINDOWS\SYSTEM32\WSOCK32.dll
0x00007ffec9050000 - 0x00007ffec90bb000 	C:\WINDOWS\System32\WS2_32.dll
0x00007ffec4f00000 - 0x00007ffec4f12000 	C:\WINDOWS\SYSTEM32\kernel.appcore.dll
0x00007ffebfd60000 - 0x00007ffebfd6a000 	C:\Program Files\Java\jdk-17.0.2\bin\jimage.dll
0x00007ffec3aa0000 - 0x00007ffec3c84000 	C:\WINDOWS\SYSTEM32\DBGHELP.DLL
0x00007ffeacc60000 - 0x00007ffeacc8c000 	C:\WINDOWS\SYSTEM32\dbgcore.DLL
0x00007ffec7000000 - 0x00007ffec7082000 	C:\WINDOWS\System32\bcryptPrimitives.dll
0x00007ffea1a50000 - 0x00007ffea1a8b000 	C:\Program Files\Java\jdk-17.0.2\bin\jdwp.dll
0x00007ffebfc40000 - 0x00007ffebfc4e000 	C:\Program Files\Java\jdk-17.0.2\bin\instrument.dll
0x00007ffebfb10000 - 0x00007ffebfb35000 	C:\Program Files\Java\jdk-17.0.2\bin\java.dll
0x00007ffe8c440000 - 0x00007ffe8c516000 	C:\Program Files\Java\jdk-17.0.2\bin\jsvml.dll
0x00007ffec79d0000 - 0x00007ffec8114000 	C:\WINDOWS\System32\SHELL32.dll
0x00007ffec5190000 - 0x00007ffec5925000 	C:\WINDOWS\SYSTEM32\windows.storage.dll
0x00007ffec8180000 - 0x00007ffec84d5000 	C:\WINDOWS\System32\combase.dll
0x00007ffec6600000 - 0x00007ffec662e000 	C:\WINDOWS\SYSTEM32\Wldp.dll
0x00007ffec78a0000 - 0x00007ffec794d000 	C:\WINDOWS\System32\SHCORE.dll
0x00007ffec8960000 - 0x00007ffec89b5000 	C:\WINDOWS\System32\shlwapi.dll
0x00007ffec6ca0000 - 0x00007ffec6cbf000 	C:\WINDOWS\SYSTEM32\profapi.dll
0x00007ffebfba0000 - 0x00007ffebfbac000 	C:\Program Files\Java\jdk-17.0.2\bin\dt_socket.dll
0x00007ffec60f0000 - 0x00007ffec612b000 	C:\WINDOWS\SYSTEM32\IPHLPAPI.DLL
0x00007ffec63e0000 - 0x00007ffec644a000 	C:\WINDOWS\system32\mswsock.dll
0x00007ffec6130000 - 0x00007ffec61fb000 	C:\WINDOWS\SYSTEM32\DNSAPI.dll
0x00007ffec8cb0000 - 0x00007ffec8cb8000 	C:\WINDOWS\System32\NSI.dll
0x00007ffeb7570000 - 0x00007ffeb757a000 	C:\Windows\System32\rasadhlp.dll
0x00007ffebce50000 - 0x00007ffebcecf000 	C:\WINDOWS\System32\fwpuclnt.dll
0x00007ffec6ec0000 - 0x00007ffec6ee7000 	C:\WINDOWS\System32\bcrypt.dll
0x00007ffebfa10000 - 0x00007ffebfa28000 	C:\Program Files\Java\jdk-17.0.2\bin\zip.dll
0x00007ffebdc40000 - 0x00007ffebdc59000 	C:\Program Files\Java\jdk-17.0.2\bin\net.dll
0x00007ffebef30000 - 0x00007ffebf03c000 	C:\WINDOWS\SYSTEM32\WINHTTP.dll
0x00007ffea6a20000 - 0x00007ffea6a36000 	C:\Program Files\Java\jdk-17.0.2\bin\nio.dll
0x00007ffebf1a0000 - 0x00007ffebf1b0000 	C:\Program Files\Java\jdk-17.0.2\bin\verify.dll
0x00007ffeb2760000 - 0x00007ffeb2769000 	C:\Program Files\Java\jdk-17.0.2\bin\management.dll
0x00007ffeb2710000 - 0x00007ffeb271b000 	C:\Program Files\Java\jdk-17.0.2\bin\management_ext.dll
0x00007ffe9a670000 - 0x00007ffe9a687000 	C:\WINDOWS\system32\napinsp.dll
0x00007ffe9a690000 - 0x00007ffe9a6ab000 	C:\WINDOWS\system32\pnrpnsp.dll
0x00007ffec1260000 - 0x00007ffec1275000 	C:\WINDOWS\system32\wshbth.dll
0x00007ffec1960000 - 0x00007ffec197d000 	C:\WINDOWS\system32\NLAapi.dll
0x00007ffe9a6b0000 - 0x00007ffe9a6c2000 	C:\WINDOWS\System32\winrnr.dll
0x00007ffec66a0000 - 0x00007ffec66b8000 	C:\WINDOWS\SYSTEM32\CRYPTSP.dll
0x00007ffec5d80000 - 0x00007ffec5db4000 	C:\WINDOWS\system32\rsaenh.dll
0x00007ffec6c60000 - 0x00007ffec6c8e000 	C:\WINDOWS\SYSTEM32\USERENV.dll
0x00007ffec6570000 - 0x00007ffec657c000 	C:\WINDOWS\SYSTEM32\CRYPTBASE.dll
0x00007ffebcbc0000 - 0x00007ffebcbd7000 	C:\WINDOWS\SYSTEM32\dhcpcsvc6.DLL
0x00007ffebd150000 - 0x00007ffebd16d000 	C:\WINDOWS\SYSTEM32\dhcpcsvc.DLL
0x00007ffeb2230000 - 0x00007ffeb223e000 	C:\Program Files\Java\jdk-17.0.2\bin\sunmscapi.dll
0x00007ffec7190000 - 0x00007ffec72e6000 	C:\WINDOWS\System32\CRYPT32.dll
0x00007ffec6820000 - 0x00007ffec6847000 	C:\WINDOWS\SYSTEM32\ncrypt.dll
0x00007ffec67e0000 - 0x00007ffec681b000 	C:\WINDOWS\SYSTEM32\NTASN1.dll
0x00007ffea69f0000 - 0x00007ffea69f7000 	C:\WINDOWS\system32\wshunix.dll

dbghelp: loaded successfully - version: 4.0.5 - missing functions: none
symbol engine: initialized successfully - sym options: 0x614 - pdb path: .;C:\Program Files\Java\jdk-17.0.2\bin;C:\WINDOWS\SYSTEM32;C:\WINDOWS\WinSxS\amd64_microsoft.windows.common-controls_6595b64144ccf1df_6.0.19041.1110_none_60b5254171f9507e;C:\Program Files\Java\jdk-17.0.2\bin\server

VM Arguments:
jvm_args: -XX:+ShowCodeDetailsInExceptionMessages -agentlib:jdwp=transport=dt_socket,suspend=y,address=localhost:19274 -javaagent:C:\Users\jorge.muñoz\eclipse\java-2022-06\eclipse\configuration\org.eclipse.osgi\215\0\.cp\lib\javaagent-shaded.jar -Dfile.encoding=UTF-8 
java_command: com.mng.robotest.access.CmdRunTests -suite MenusPais -driver chrome -channel desktop -application shop -url https://shop.mango.com/preHome.faces -version V1 -countrys 001 -lineas home
java_class_path (initial): C:\Users\jorge.muñoz\git\robotest\target\test-classes;C:\Users\jorge.muñoz\git\robotest\target\classes;C:\Dades\git\testmaker\core\target\classes;C:\Dades\git\testmaker\core\target\test-classes;C:\Users\jorge.muñoz\.m2\repository\org\aspectj\aspectjrt\1.9.1\aspectjrt-1.9.1.jar;C:\Users\jorge.muñoz\.m2\repository\org\testng\testng\6.11\testng-6.11.jar;C:\Users\jorge.muñoz\.m2\repository\com\beust\jcommander\1.64\jcommander-1.64.jar;C:\Users\jorge.muñoz\.m2\repository\org\yaml\snakeyaml\1.17\snakeyaml-1.17.jar;C:\Users\jorge.muñoz\.m2\repository\org\seleniumhq\selenium\selenium-java\4.1.0\selenium-java-4.1.0.jar;C:\Users\jorge.muñoz\.m2\repository\org\seleniumhq\selenium\selenium-api\4.1.0\selenium-api-4.1.0.jar;C:\Users\jorge.muñoz\.m2\repository\org\seleniumhq\selenium\selenium-devtools-v85\4.1.0\selenium-devtools-v85-4.1.0.jar;C:\Users\jorge.muñoz\.m2\repository\org\seleniumhq\selenium\selenium-devtools-v94\4.1.0\selenium-devtools-v94-4.1.0.jar;C:\Users\jorge.muñoz\.m2\repository\org\seleniumhq\selenium\selenium-devtools-v95\4.1.0\selenium-devtools-v95-4.1.0.jar;C:\Users\jorge.muñoz\.m2\repository\org\seleniumhq\selenium\selenium-devtools-v96\4.1.0\selenium-devtools-v96-4.1.0.jar;C:\Users\jorge.muñoz\.m2\repository\org\seleniumhq\selenium\selenium-edge-driver\4.1.0\selenium-edge-driver-4.1.0.jar;C:\Users\jorge.muñoz\.m2\repository\org\seleniumhq\selenium\selenium-firefox-xpi-driver\4.1.0\selenium-firefox-xpi-driver-4.1.0.jar;C:\Users\jorge.muñoz\.m2\repository\org\seleniumhq\selenium\selenium-ie-driver\4.1.0\selenium-ie-driver-4.1.0.jar;C:\Users\jorge.muñoz\.m2\repository\org\seleniumhq\selenium\selenium-opera-driver\4.1.0\selenium-opera-driver-4.1.0.jar;C:\Users\jorge.muñoz\.m2\repository\org\seleniumhq\selenium\selenium-remote-driver\4.1.0\selenium-remote-driver-4.1.0.jar;C:\Users\jorge.muñoz\.m2\repository\io\netty\netty-buffer\4.1.69.Final\netty-buffer-4.1.69.Final.jar;C:\Users\jorge.muñoz\.m2\repository\io\netty\netty-codec-http\4.
Launcher Type: SUN_STANDARD

[Global flags]
     intx CICompilerCount                          = 4                                         {product} {ergonomic}
     uint ConcGCThreads                            = 2                                         {product} {ergonomic}
     uint G1ConcRefinementThreads                  = 8                                         {product} {ergonomic}
   size_t G1HeapRegionSize                         = 2097152                                   {product} {ergonomic}
    uintx GCDrainStackTargetSize                   = 64                                        {product} {ergonomic}
   size_t InitialHeapSize                          = 268435456                                 {product} {ergonomic}
   size_t MarkStackSize                            = 4194304                                   {product} {ergonomic}
   size_t MaxHeapSize                              = 4267704320                                {product} {ergonomic}
   size_t MaxNewSize                               = 2560622592                                {product} {ergonomic}
   size_t MinHeapDeltaBytes                        = 2097152                                   {product} {ergonomic}
   size_t MinHeapSize                              = 8388608                                   {product} {ergonomic}
    uintx NonNMethodCodeHeapSize                   = 5839372                                {pd product} {ergonomic}
    uintx NonProfiledCodeHeapSize                  = 122909434                              {pd product} {ergonomic}
    uintx ProfiledCodeHeapSize                     = 122909434                              {pd product} {ergonomic}
    uintx ReservedCodeCacheSize                    = 251658240                              {pd product} {ergonomic}
     bool SegmentedCodeCache                       = true                                      {product} {ergonomic}
     bool ShowCodeDetailsInExceptionMessages       = true                                   {manageable} {command line}
   size_t SoftMaxHeapSize                          = 4267704320                             {manageable} {ergonomic}
     bool UseCompressedClassPointers               = true                           {product lp64_product} {ergonomic}
     bool UseCompressedOops                        = true                           {product lp64_product} {ergonomic}
     bool UseG1GC                                  = true                                      {product} {ergonomic}
     bool UseLargePagesIndividualAllocation        = false                                  {pd product} {ergonomic}

Logging:
Log output configuration:
 #0: stdout all=warning uptime,level,tags
 #1: stderr all=off uptime,level,tags

Environment Variables:
JAVA_HOME=C:\Program Files\Java\jdk1.8.0_171
PATH=C:/Program Files/Java/jdk-11.0.12/bin/server;C:/Program Files/Java/jdk-11.0.12/bin;C:/Users/JORGE~1.MUO/AppData/Local/Temp/eoiA970.tmp//plugins/org.eclipse.justj.openjdk.hotspot.jre.minimal.stripped.win32.x86_64_17.0.3.v20220515-1416/jre/bin/server;C:/Users/JORGE~1.MUO/AppData/Local/Temp/eoiA970.tmp//plugins/org.eclipse.justj.openjdk.hotspot.jre.minimal.stripped.win32.x86_64_17.0.3.v20220515-1416/jre/bin;C:\Program Files (x86)\Google\Chrome\Application;C:\Program Files\Common Files\Oracle\Java\javapath;C:\Program Files (x86)\Common Files\Oracle\Java\javapath;C:\Windows\System32;C:\Windows;C:\Windows\System32\wbem;C:\Windows\System32\WindowsPowerShell\v1.0\;C:\Program Files\Symantec.cloud\PlatformAgent\;C:\Windows\System32\OpenSSH\;C:\ProgramData\chocolatey\bin;C:\Program Files\PuTTY\;C:\Program Files\Git\cmd;C:\Program Files\Intel\WiFi\bin\;C:\Program Files\Common Files\Intel\WirelessCommon\;C:\Program Files (x86)\GnuPG\bin;C:\Program Files\nodejs\;C:\Users\jorge.muñoz\Programas\google-cloud-sdk\bin;C:\Users\jorge.muñoz\AppData\Local\Programs\Python\Python38-32;C:\Program Files\Java\jdk-11.0.12\bin;C:\Program Files (x86)\Intel\Intel(R) Management Engine Components\DAL;C:\Program Files\Intel\Intel(R) Management Engine Components\DAL;C:\Program Files (x86)\Google\Cloud SDK\google-cloud-sdk\bin;C:\ProgramData\chocolatey\lib\maven\apache-maven-3.8.1\bin;;C:\Program Files\Amazon\AWSCLIV2\;C:\Program Files (x86)\Windows Kits\10\Windows Performance Toolkit\;C:\Program Files\Docker\Docker\resources\bin;C:\ProgramData\DockerDesktop\version-bin;C:\Users\jorge.muñoz\AppData\Local\Microsoft\WindowsApps;C:\Program Files\Intel\WiFi\bin\;C:\Program Files\Common Files\Intel\WirelessCommon\;C:\Program Files\Mozilla Firefox;C:\Program Files (x86)\Gpg4win\..\GnuPG\bin;C:\Users\jorge.muñoz\AppData\Roaming\npm;C:\Users\jorge.muñoz\Programas\utils;;C:\Users\jorge.muñoz\Downloads;;C:\Users\jorge.muñoz\Downloads;
USERNAME=jorge.muñoz
OS=Windows_NT
PROCESSOR_IDENTIFIER=Intel64 Family 6 Model 142 Stepping 10, GenuineIntel



---------------  S Y S T E M  ---------------

OS:
 Windows 10 , 64 bit Build 19041 (10.0.19041.1466)
OS uptime: 5 days 4:06 hours
Hyper-V role detected

CPU: total 8 (initial active 8) (4 cores per cpu, 2 threads per core) family 6 model 142 stepping 10 microcode 0xec, cx8, cmov, fxsr, ht, mmx, 3dnowpref, sse, sse2, sse3, ssse3, sse4.1, sse4.2, popcnt, lzcnt, tsc, tscinvbit, avx, avx2, aes, erms, clmul, bmi1, bmi2, adx, fma, vzeroupper, clflush, clflushopt, hv

Memory: 4k page, system-wide physical 16275M (4977M free)
TotalPageFile size 32659M (AvailPageFile size 17321M)
current process WorkingSet (physical memory assigned to process): 294M, peak: 300M
current process commit charge ("private bytes"): 341M, peak: 447M

vm_info: Java HotSpot(TM) 64-Bit Server VM (17.0.2+8-LTS-86) for windows-amd64 JRE (17.0.2+8-LTS-86), built on Dec  7 2021 21:51:03 by "mach5one" with MS VC++ 16.8 / 16.9 (VS2019)

END.
